INFO    -  Building documentation...
INFO    -  Cleaning site directory
INFO    -  Documentation built in 0.77 seconds
Traceback (most recent call last):
  File "/home/superxy1101/cudnn_frontend_doc/.venv/bin/mkdocs", line 10, in <module>
    sys.exit(cli())
             ^^^^^
  File "/home/superxy1101/cudnn_frontend_doc/.venv/lib/python3.12/site-packages/click/core.py", line 1485, in __call__
    return self.main(*args, **kwargs)
           ^^^^^^^^^^^^^^^^^^^^^^^^^^
  File "/home/superxy1101/cudnn_frontend_doc/.venv/lib/python3.12/site-packages/click/core.py", line 1406, in main
    rv = self.invoke(ctx)
         ^^^^^^^^^^^^^^^^
  File "/home/superxy1101/cudnn_frontend_doc/.venv/lib/python3.12/site-packages/click/core.py", line 1873, in invoke
    return _process_result(sub_ctx.command.invoke(sub_ctx))
                           ^^^^^^^^^^^^^^^^^^^^^^^^^^^^^^^
  File "/home/superxy1101/cudnn_frontend_doc/.venv/lib/python3.12/site-packages/click/core.py", line 1269, in invoke
    return ctx.invoke(self.callback, **ctx.params)
           ^^^^^^^^^^^^^^^^^^^^^^^^^^^^^^^^^^^^^^^
  File "/home/superxy1101/cudnn_frontend_doc/.venv/lib/python3.12/site-packages/click/core.py", line 824, in invoke
    return callback(*args, **kwargs)
           ^^^^^^^^^^^^^^^^^^^^^^^^^
  File "/home/superxy1101/cudnn_frontend_doc/.venv/lib/python3.12/site-packages/mkdocs/__main__.py", line 272, in serve_command
    serve.serve(**kwargs)
  File "/home/superxy1101/cudnn_frontend_doc/.venv/lib/python3.12/site-packages/mkdocs/commands/serve.py", line 104, in serve
    server.serve(open_in_browser=open_in_browser)
  File "/home/superxy1101/cudnn_frontend_doc/.venv/lib/python3.12/site-packages/mkdocs/livereload/__init__.py", line 173, in serve
    self.server_bind()
  File "/home/superxy1101/.local/share/uv/python/cpython-3.12.12-linux-x86_64-gnu/lib/python3.12/wsgiref/simple_server.py", line 50, in server_bind
    HTTPServer.server_bind(self)
  File "/home/superxy1101/.local/share/uv/python/cpython-3.12.12-linux-x86_64-gnu/lib/python3.12/http/server.py", line 136, in server_bind
    socketserver.TCPServer.server_bind(self)
  File "/home/superxy1101/.local/share/uv/python/cpython-3.12.12-linux-x86_64-gnu/lib/python3.12/socketserver.py", line 478, in server_bind
    self.socket.bind(self.server_address)
OSError: [Errno 98] Address already in use
INFO    -  Building documentation...
INFO    -  Cleaning site directory
INFO    -  Documentation built in 0.73 seconds
INFO    -  [23:18:33] Serving on http://0.0.0.0:8000/
INFO    -  Shutting down...
INFO    -  Building documentation...
INFO    -  Cleaning site directory
INFO    -  Documentation built in 0.82 seconds
INFO    -  [23:20:44] Serving on http://0.0.0.0:8000/
INFO    -  Shutting down...
INFO    -  Building documentation...
INFO    -  Cleaning site directory
INFO    -  Documentation built in 0.81 seconds
INFO    -  [23:22:44] Serving on http://0.0.0.0:8000/
INFO    -  Shutting down...
INFO    -  Building documentation...
INFO    -  Cleaning site directory
INFO    -  Documentation built in 0.85 seconds
INFO    -  [23:24:50] Serving on http://0.0.0.0:8000/
INFO    -  Shutting down...
INFO    -  Building documentation...
INFO    -  Cleaning site directory
INFO    -  Documentation built in 0.83 seconds
INFO    -  [23:25:07] Serving on http://0.0.0.0:8000/
INFO    -  Shutting down...
INFO    -  Building documentation...
INFO    -  Cleaning site directory
INFO    -  Documentation built in 0.80 seconds
INFO    -  [23:25:37] Serving on http://0.0.0.0:8000/
INFO    -  Shutting down...
INFO    -  Building documentation...
INFO    -  Cleaning site directory
INFO    -  Documentation built in 0.81 seconds
INFO    -  [23:26:35] Serving on http://0.0.0.0:8000/
INFO    -  Shutting down...
INFO    -  Building documentation...
INFO    -  Cleaning site directory
INFO    -  Documentation built in 0.80 seconds
INFO    -  [23:30:55] Serving on http://0.0.0.0:8000/
INFO    -  Shutting down...
INFO    -  Building documentation...
INFO    -  Cleaning site directory
INFO    -  Documentation built in 0.77 seconds
INFO    -  [23:48:23] Serving on http://0.0.0.0:8000/
INFO    -  Shutting down...
INFO    -  Building documentation...
INFO    -  Cleaning site directory
INFO    -  Documentation built in 0.77 seconds
INFO    -  [23:48:36] Serving on http://0.0.0.0:8000/
INFO    -  Shutting down...
INFO    -  Building documentation...
INFO    -  Cleaning site directory
WARNING -  Doc file 'getting-started/installation.md' contains a link 'first-graph.md', but the target 'getting-started/first-graph.md' is not found among documentation files.
INFO    -  Documentation built in 0.73 seconds
INFO    -  [23:51:01] Serving on http://0.0.0.0:8000/
INFO    -  Shutting down...
INFO    -  Building documentation...
INFO    -  Cleaning site directory
WARNING -  Doc file 'getting-started/installation.md' contains a link 'first-graph.md', but the target 'getting-started/first-graph.md' is not found among documentation files.
INFO    -  Documentation built in 0.73 seconds
INFO    -  [23:56:29] Serving on http://0.0.0.0:8000/
INFO    -  Shutting down...
INFO    -  Building documentation...
INFO    -  Cleaning site directory
WARNING -  Doc file 'getting-started/installation.md' contains a link 'first-graph.md', but the target 'getting-started/first-graph.md' is not found among documentation files.
INFO    -  Documentation built in 0.73 seconds
INFO    -  [23:58:44] Serving on http://0.0.0.0:8000/
INFO    -  Shutting down...
INFO    -  Building documentation...
INFO    -  Cleaning site directory
INFO    -  Documentation built in 0.76 seconds
INFO    -  [00:00:23] Serving on http://0.0.0.0:8000/
INFO    -  Shutting down...
INFO    -  Building documentation...
INFO    -  Cleaning site directory
INFO    -  Documentation built in 0.77 seconds
INFO    -  [00:07:31] Serving on http://0.0.0.0:8000/
INFO    -  Shutting down...
